streamlit
pandas
openpyxl
setuptools
xlrd
st_aggrid
streamlit
pandas
openpyxl
setuptools
xlrd
st_aggrid
streamlit
pandas
openpyxl
setuptools
xlrd
st_aggrid
streamlit
pandas
openpyxl
setuptools
xlrd
st_aggrid
streamlit
pandas
openpyxl
setuptools
xlrd
st_aggrid
streamlit
pandas
openpyxl
setuptools
xlrd
st_aggrid
streamlit
pandas
openpyxl
setuptools
xlrd
st_aggrid
streamlit
pandas
openpyxl
setuptools
xlrd
st_aggrid
streamlit
pandas
openpyxl
setuptools
xlrd
st_aggrid
streamlit
pandas
openpyxl
setuptools
xlrd
st_aggrid
streamlit
pandas
openpyxl
setuptools
xlrd
st_aggrid
streamlit
pandas
openpyxl
setuptools
xlrd
st_aggrid
streamlit
pandas
openpyxl
setuptools
xlrd
st_aggrid
streamlit
pandas
openpyxl
setuptools
xlrd
st_aggrid
streamlit
pandas
openpyxl
setuptools
xlrd
st_aggrid
streamlit
pandas
openpyxl
setuptools
xlrd
streamlit
pandas
openpyxl
setuptools
xlrd
streamlit
pandas
openpyxl
setuptools
xlrd
streamlit
pandas
openpyxl
setuptools
xlrd
